<?xml version="1.0" encoding="UTF-8"?>
<testng-results total="1" passed="1" failed="0" skipped="0">
  <reporter-output>
    <line>
      <![CDATA[url access successfully]]>
    </line>
  </reporter-output>
  <suite started-at="2020-06-27T06:51:57Z" name="Default suite" finished-at="2020-06-27T06:52:13Z" duration-ms="15247">
    <groups>
    </groups>
    <test started-at="2020-06-27T06:51:57Z" name="Default test" finished-at="2020-06-27T06:52:13Z" duration-ms="15247">
      <class name="Testcases.Signintestcase">
        <test-method is-config="true" signature="lanuch()[pri:0, instance:Testcases.Signintestcase@47faa49c]" started-at="2020-06-27T12:21:57Z" name="lanuch" finished-at="2020-06-27T12:22:13Z" duration-ms="15211" status="PASS">
          <reporter-output>
            <line>
              <![CDATA[url access successfully]]>
            </line>
          </reporter-output>
        </test-method> <!-- lanuch -->
        <test-method signature="signin()[pri:0, instance:Testcases.Signintestcase@47faa49c]" started-at="2020-06-27T12:22:13Z" name="signin" finished-at="2020-06-27T12:22:13Z" duration-ms="25" status="PASS">
          <reporter-output>
          </reporter-output>
        </test-method> <!-- signin -->
      </class> <!-- Testcases.Signintestcase -->
    </test> <!-- Default test -->
  </suite> <!-- Default suite -->
</testng-results>
