<?xml version="1.0" encoding="UTF-8"?>
<testng-results skipped="2" failed="1" total="3" passed="0">
  <reporter-output>
  </reporter-output>
  <suite name="Default suite" duration-ms="33091" started-at="2020-01-23T09:29:53Z" finished-at="2020-01-23T09:30:26Z">
    <groups>
    </groups>
    <test name="Default test" duration-ms="33091" started-at="2020-01-23T09:29:53Z" finished-at="2020-01-23T09:30:26Z">
      <class name="OodlesDB.Downloadcentertestcase">
        <test-method status="PASS" signature="initialize()[pri:0, instance:OodlesDB.Downloadcentertestcase@4501b7af]" name="initialize" is-config="true" duration-ms="31051" started-at="2020-01-23T14:59:53Z" finished-at="2020-01-23T15:00:24Z">
          <reporter-output>
          </reporter-output>
        </test-method> <!-- initialize -->
        <test-method status="FAIL" signature="login(java.lang.String, java.lang.String)[pri:0, instance:OodlesDB.Downloadcentertestcase@4501b7af]" name="login" duration-ms="13" started-at="2020-01-23T15:00:26Z" data-provider="logingetTestdata" finished-at="2020-01-23T15:00:26Z">
          <params>
            <param index="0">
              <value>
                <![CDATA[rijul.jain@oodlestechnologies.com]]>
              </value>
            </param>
            <param index="1">
              <value>
                <![CDATA[manish@159]]>
              </value>
            </param>
          </params>
          <exception class="java.lang.IllegalArgumentException">
            <message>
              <![CDATA[argument type mismatch]]>
            </message>
            <full-stacktrace>
              <![CDATA[java.lang.IllegalArgumentException: argument type mismatch
	at sun.reflect.NativeMethodAccessorImpl.invoke0(Native Method)
	at sun.reflect.NativeMethodAccessorImpl.invoke(NativeMethodAccessorImpl.java:62)
	at sun.reflect.DelegatingMethodAccessorImpl.invoke(DelegatingMethodAccessorImpl.java:43)
	at java.lang.reflect.Method.invoke(Method.java:498)
	at org.testng.internal.MethodInvocationHelper.invokeMethod(MethodInvocationHelper.java:80)
	at org.testng.internal.Invoker.invokeMethod(Invoker.java:714)
	at org.testng.internal.Invoker.invokeTestMethod(Invoker.java:901)
	at org.testng.internal.Invoker.invokeTestMethods(Invoker.java:1231)
	at org.testng.internal.TestMethodWorker.invokeTestMethods(TestMethodWorker.java:127)
	at org.testng.internal.TestMethodWorker.run(TestMethodWorker.java:111)
	at org.testng.TestRunner.privateRun(TestRunner.java:767)
	at org.testng.TestRunner.run(TestRunner.java:617)
	at org.testng.SuiteRunner.runTest(SuiteRunner.java:334)
	at org.testng.SuiteRunner.runSequentially(SuiteRunner.java:329)
	at org.testng.SuiteRunner.privateRun(SuiteRunner.java:291)
	at org.testng.SuiteRunner.run(SuiteRunner.java:240)
	at org.testng.SuiteRunnerWorker.runSuite(SuiteRunnerWorker.java:52)
	at org.testng.SuiteRunnerWorker.run(SuiteRunnerWorker.java:86)
	at org.testng.TestNG.runSuitesSequentially(TestNG.java:1198)
	at org.testng.TestNG.runSuitesLocally(TestNG.java:1123)
	at org.testng.TestNG.run(TestNG.java:1031)
	at org.testng.remote.AbstractRemoteTestNG.run(AbstractRemoteTestNG.java:114)
	at org.testng.remote.RemoteTestNG.initAndRun(RemoteTestNG.java:251)
	at org.testng.remote.RemoteTestNG.main(RemoteTestNG.java:77)
]]>
            </full-stacktrace>
          </exception> <!-- java.lang.IllegalArgumentException -->
          <reporter-output>
          </reporter-output>
        </test-method> <!-- login -->
        <test-method status="SKIP" signature="downloadpageNavigation()[pri:0, instance:OodlesDB.Downloadcentertestcase@4501b7af]" name="downloadpageNavigation" duration-ms="4" started-at="2020-01-23T15:00:26Z" depends-on-methods="OodlesDB.Downloadcentertestcase.login" finished-at="2020-01-23T15:00:26Z">
          <reporter-output>
          </reporter-output>
        </test-method> <!-- downloadpageNavigation -->
        <test-method status="SKIP" signature="addDocumentype_downloadcenter()[pri:0, instance:OodlesDB.Downloadcentertestcase@4501b7af]" name="addDocumentype_downloadcenter" duration-ms="0" started-at="2020-01-23T15:00:26Z" depends-on-methods="OodlesDB.Downloadcentertestcase.downloadpageNavigation" finished-at="2020-01-23T15:00:26Z">
          <reporter-output>
          </reporter-output>
        </test-method> <!-- addDocumentype_downloadcenter -->
      </class> <!-- OodlesDB.Downloadcentertestcase -->
    </test> <!-- Default test -->
  </suite> <!-- Default suite -->
</testng-results>
