<?xml version="1.0" encoding="UTF-8"?>
<testng-results skipped="0" failed="0" ignored="0" total="1" passed="1">
  <reporter-output>
  </reporter-output>
  <suite name="Default suite" duration-ms="18736" started-at="2019-01-30T07:58:34Z" finished-at="2019-01-30T07:58:52Z">
    <groups>
    </groups>
    <test name="Default test" duration-ms="18736" started-at="2019-01-30T07:58:34Z" finished-at="2019-01-30T07:58:52Z">
      <class name="Testcaseofresource.Loginapplication">
        <test-method status="PASS" signature="login()[pri:0, instance:Testcaseofresource.Loginapplication@2833cc44]" name="login" duration-ms="18657" started-at="2019-01-30T07:58:34Z" finished-at="2019-01-30T07:58:52Z">
          <reporter-output>
          </reporter-output>
        </test-method> <!-- login -->
      </class> <!-- Testcaseofresource.Loginapplication -->
    </test> <!-- Default test -->
  </suite> <!-- Default suite -->
</testng-results>
